2022-10-26 11:46:50.044 - DBeaver 22.1.5.202208211008 is starting
2022-10-26 11:46:50.045 - OS: Windows 10 10.0 (amd64)
2022-10-26 11:46:50.046 - Java version: 11.0.12 by Eclipse Foundation (64bit)
2022-10-26 11:46:50.046 - Install path: 'C:\Users\inyeo\Desktop\dbms\mysql\recourse\dbeaver-ce-22.1.5-win32.win32.x86_64\dbeaver'
2022-10-26 11:46:50.046 - Instance path: 'file:/C:/Users/inyeo/Desktop/dbms/mysql/workspace/'
2022-10-26 11:46:50.047 - Memory available 64Mb/1024Mb
> Start Core File Systems [org.eclipse.core.filesystem 1.9.400.v20220419-0658]
> Start Core Resource Management [org.eclipse.core.resources 3.17.0.v20220517-0751]
> Start 팀 지원 핵심 [org.eclipse.team.core 3.9.400.v20220511-1440]
2022-10-26 11:46:50.298 - Initializing DBeaver 22.1.5
2022-10-26 11:46:50.298 - Host plugin: org.jkiss.dbeaver.ui.app.standalone 22.1.5.202208211008
2022-10-26 11:46:50.298 - Initialize desktop platform...
2022-10-26 11:46:50.489 - BounceCastle bundle found. Use JCE provider BC
2022-10-26 11:46:50.574 - Initialize base platform...
> Start DBeaver UI Navigator [org.jkiss.dbeaver.ui.navigator 1.0.88.202208211008]
> Start Expression Language [org.eclipse.core.expressions 3.8.100.v20210910-0640]
2022-10-26 11:46:50.608 - Platform initialized (310ms)
2022-10-26 11:46:50.609 - Create display
> Start DBeaver UI Editors - Base [org.jkiss.dbeaver.ui.editors.base 1.0.88.202208211008]
2022-10-26 11:46:50.824 - Starting RMI server at 30218
2022-10-26 11:46:51.381 - Run workbench
> Start Eclipse e4 작업영역 SWT [org.eclipse.e4.ui.workbench.swt 0.16.500.v20220506-1520]
> Start Eclipse Application Services [org.eclipse.e4.core.services 2.3.200.v20220513-1235]
> Start Eclipse UI Application Services [org.eclipse.e4.ui.services 1.5.0.v20210115-1333]
> Start EMF XML/XMI Persistence [org.eclipse.emf.ecore.xmi 2.16.0.v20190528-0725]
> Start Eclipse CSS SWT Theme Support [org.eclipse.e4.ui.css.swt.theme 0.13.100.v20220310-1056]
> Start Eclipse e4 작업영역 기능 추가 [org.eclipse.e4.ui.workbench.addons.swt 1.4.400.v20211102-0453]
> Start Eclipse e4 작업영역 SWT 렌더러 [org.eclipse.e4.ui.workbench.renderers.swt 0.15.500.v20220511-1638]
> Start Eclipse Bindings Support [org.eclipse.e4.ui.bindings 0.13.100.v20210722-1426]
> Start Eclipse Dependency Injection Extensions [org.eclipse.e4.core.di.extensions 0.17.100.v20210910-0640]
> Start Eclipse CSS SWT Support [org.eclipse.e4.ui.css.swt 0.14.500.v20220511-1639]
> Start DBeaver UI [org.jkiss.dbeaver.ui 5.1.103.202208211008]
> Start Java Native Access [com.sun.jna 5.8.0.v20210503-0343]
Warning: NLS unused message: BlockedJobsDialog_UserInterfaceTreeElement in: org.eclipse.ui.internal.progress.messages
2022-10-26 11:46:53.303 - Configure workbench window
> Start 도움말 시스템 코어 [org.eclipse.help 3.9.100.v20210721-0601]
2022-10-26 11:46:53.441 - Create actions
2022-10-26 11:46:53.448 - Disable Eclipse action set 'org.eclipse.ui.edit.text.actionSet.annotationNavigation'
2022-10-26 11:46:53.449 - Disable Eclipse action set 'org.eclipse.ui.WorkingSetActionSet'
2022-10-26 11:46:53.449 - Disable Eclipse action set 'org.eclipse.ui.actionSet.openFiles'
2022-10-26 11:46:54.035 - Initialize workbench window
2022-10-26 11:46:54.043 - Finish initialization
> Start 기본 문서 편집기 [org.eclipse.ui.editors 3.14.300.v20210913-0815]
> Start 텍스트 편집기 프레임워크 [org.eclipse.ui.workbench.texteditor 3.16.500.v20220331-0848]
> Start DBeaver UI Editors - Data [org.jkiss.dbeaver.ui.editors.data 1.0.88.202208211008]
> Start DBeaver SQL Model [org.jkiss.dbeaver.model.sql 1.0.78.202208211008]
Warning: NLS unused message: actions_navigator__objects in: org.jkiss.dbeaver.ui.editors.sql.internal.SQLEditorMessages
> Start DBeaver UI Editors - SQL [org.jkiss.dbeaver.ui.editors.sql 1.0.88.202208211008]
> Start 핵심 비교 지원 [org.eclipse.compare.core 3.7.0.v20220513-0551]
> Start Equinox Java Authentication and Authorization Service (JAAS) [org.eclipse.equinox.security 1.3.900.v20220108-1321]
> Start 인터넷 연결 관리 사용자 인터페이스 [org.eclipse.ui.net 1.4.0.v20210426-0838]
> Start Internet Connection Management [org.eclipse.core.net 1.3.1200.v20220312-1450]
2022-10-26 11:46:56.943 - Loading user drivers configuration from 'C:\Users\inyeo\Desktop\dbms\mysql\workspace\.metadata\.plugins\org.jkiss.dbeaver.core\drivers.xml'
2022-10-26 11:46:56.955 - Total database drivers: 100 (100)
> Start DBeaver Sample Database [org.jkiss.dbeaver.ext.sample.database 1.0.125.202208211008]
> Start DBeaver Tip of the day [org.jkiss.dbeaver.ext.ui.tipoftheday 1.0.94.202208211008]
> Start Draw2d [org.eclipse.draw2dl 3.12.100.20220815134646]
> Start GEF3 GEF (MVC) [org.eclipse.gef3 3.12.100.20220815134646]
> Start DBeaver ERD UI [org.jkiss.dbeaver.erd.ui 3.0.48.202208211008]
> Start DBeaver ERD Model [org.jkiss.dbeaver.erd.model 1.0.48.202208211008]
> Start 콘솔 [org.eclipse.ui.console 3.11.200.v20220324-0630]
Warning: NLS unused message: InputStreamMonitor_label in: org.eclipse.debug.internal.core.DebugCoreMessages
Warning: NLS unused message: OutputStreamMonitor_label in: org.eclipse.debug.internal.core.DebugCoreMessages
> Start 디버그 핵심 [org.eclipse.debug.core 3.19.100.v20220324-0630]
2022-10-26 11:46:58.743 - Connect with 'localhost' (mysql8-183e5d253e8-3cf2b24b8e1b139c)
> Start DBeaver MySQL Support [org.jkiss.dbeaver.ext.mysql 2.1.173.202208211008]
2022-10-26 11:46:58.782 - Execution context opened (localhost; Main; 0)
> Start DBeaver GIS Support [org.jkiss.dbeaver.data.gis 1.0.112.202208211008]
2022-10-26 11:46:59.133 - Execution context opened (localhost; Metadata; 1)
2022-10-26 11:46:59.269 - Connected (mysql8-183e5d253e8-3cf2b24b8e1b139c, MySQL Connector/J [mysql-connector-java-8.0.29 (Revision: dd61577595edad45c398af508cf91ad26fc4144f)])
2022-10-26 11:46:59.319 - Execution context opened (localhost; SQLEditor <06.tbl_donation.sql>; 2)
2022-10-26 11:46:59.538 - Open [https://dbeaver.io/product/version.xml]
> Start DBeaver MySQL UI Support [org.jkiss.dbeaver.ext.mysql.ui 1.0.80.202208211008]
2022-10-26 11:47:28.076 - Execution context closed (localhost, 2)
2022-10-26 11:47:41.787 - Execution context opened (localhost; SQLEditor <06.tbl_donation.sql>; 3)
2022-10-26 11:49:16.804 - Execution context opened (localhost; SQLEditor <05.tbl_nursery_school_community_file.sql>; 4)
2022-10-26 12:52:39.432 - System suspend detected! Reinitialize all remote connections.
2022-10-26 14:23:51.648 - Execution context closed (localhost, 3)
2022-10-26 14:23:51.757 - Execution context closed (localhost, 4)
2022-10-26 14:23:52.351 - DBeaver is stopping
2022-10-26 14:23:52.353 - Stop RMI server
2022-10-26 14:23:52.356 - RMI controller has been stopped
2022-10-26 14:23:52.357 - DBeaver shutdown completed
